make all --print-data-base --no-builtin-variables --no-builtin-rules --question
# GNU Make 4.2.1
# Built for x86_64-pc-linux-gnu
# Copyright (C) 1988-2016 Free Software Foundation, Inc.
# License GPLv3+: GNU GPL version 3 or later <http://gnu.org/licenses/gpl.html>
# This is free software: you are free to change and redistribute it.
# There is NO WARRANTY, to the extent permitted by law.

# Make data base, printed on Mon May 16 06:33:51 2022

# Variables

# 'override' directive
GNUMAKEFLAGS := 
# automatic
<D = $(patsubst %/,%,$(dir $<))
# automatic
?F = $(notdir $?)
# environment
DESKTOP_SESSION = pop
# default
.SHELLFLAGS := -c
# environment
XDG_SESSION_CLASS = user
# makefile (from '.env', line 8)
MONGO_NAME = technical-challenge
# environment
XDG_SESSION_TYPE = x11
# environment
VSCODE_LOG_NATIVE = false
# environment
NVM_INC = /home/paulo/.nvm/versions/node/v16.15.0/include/node
# automatic
?D = $(patsubst %/,%,$(dir $?))
# environment
IM_CONFIG_PHASE = 1
# automatic
@D = $(patsubst %/,%,$(dir $@))
# environment
XAUTHORITY = /run/user/1000/gdm/Xauthority
# environment
GDMSESSION = pop
# environment
XMODIFIERS = @im=ibus
# makefile
CURDIR := /home/paulo/www/technical-challenge
# makefile
SHELL = /bin/sh
# environment
VSCODE_NLS_CONFIG = {"locale":"en-us","availableLanguages":{},"_languagePackSupport":true}
# environment
_ = /usr/share/code/code
# environment
JOURNAL_STREAM = 8:56857
# environment
XDG_CONFIG_DIRS = /etc/xdg/xdg-pop:/etc/xdg
# makefile (from '.env', line 1)
MAKEFILE_LIST :=  Makefile .env
# automatic
@F = $(notdir $@)
# environment
GIO_LAUNCHED_DESKTOP_FILE = /usr/share/applications/code.desktop
# environment
USERNAME = paulo
# environment
MANDATORY_PATH = /usr/share/gconf/pop.mandatory.path
# environment
XDG_DATA_DIRS = /usr/share/pop:/home/paulo/.local/share/flatpak/exports/share:/var/lib/flatpak/exports/share:/usr/local/share:/usr/share
# environment
DBUS_SESSION_BUS_ADDRESS = unix:path=/run/user/1000/bus
# environment
VSCODE_VERBOSE_LOGGING = true
# makefile (from '.env', line 10)
MONGO_PASSWORD = admin
# environment
MANAGERPID = 3079
# environment
VSCODE_IPC_HOOK_EXTHOST = /run/user/1000/vscode-ipc-497de78a-0185-46c5-adfe-48de6a9c5bf6.sock
# makefile (from '.env', line 6)
GO_FILE_TOKEN = DagABeoGudZf3jiVSfZs6phSfebhEAli
# environment
VSCODE_CWD = /home/paulo
# environment
GSETTINGS_SCHEMA_DIR = /home/paulo/data
# default
MAKE_HOST := x86_64-pc-linux-gnu
# environment
PATH = /home/paulo/.yarn/bin:/home/paulo/.config/yarn/global/node_modules/.bin:/home/paulo/.zinit/polaris/bin:/home/paulo/.nvm/versions/node/v16.15.0/bin:/usr/local/sbin:/usr/local/bin:/usr/sbin:/usr/bin:/sbin:/bin:/usr/games:/usr/local/games:/snap/bin
# environment
GPG_AGENT_INFO = /run/user/1000/gnupg/S.gpg-agent:0:1
# environment
LSCOLORS = Gxfxcxdxbxegedabagacad
# environment
SESSION_MANAGER = local/acer-nitro:@/tmp/.ICE-unix/3324,unix/acer-nitro:/tmp/.ICE-unix/3324
# environment
XDG_RUNTIME_DIR = /run/user/1000
# environment
SPACESHIP_VERSION = 3.16.7
# environment
NVM_BIN = /home/paulo/.nvm/versions/node/v16.15.0/bin
# environment
XDG_MENU_PREFIX = gnome-
# environment
VSCODE_LOG_STACK = false
# environment
ELECTRON_RUN_AS_NODE = 1
# environment
INVOCATION_ID = 78e44020f3424f659f8106e08e1135a6
# default
.FEATURES := target-specific order-only second-expansion else-if shortest-stem undefine oneshell archives jobserver output-sync check-symlink load
# environment
LS_COLORS = 
# environment
XDG_SESSION_DESKTOP = pop
# environment
SSH_AUTH_SOCK = /run/user/1000/keyring/ssh
# environment
GIO_LAUNCHED_DESKTOP_FILE_PID = 5311
# automatic
%F = $(notdir $%)
# environment
DISPLAY = :1
# environment
VSCODE_PIPE_LOGGING = true
# environment
PWD = /home/paulo/www/technical-challenge
# default
.LOADED := 
# environment
SSH_AGENT_PID = 3284
# environment
ORIGINAL_XDG_CURRENT_DESKTOP = pop:GNOME
# environment
GTK_MODULES = gail:atk-bridge:appmenu-gtk-module
# environment
VSCODE_AMD_ENTRYPOINT = vs/workbench/api/node/extensionHostProcess
# environment
HOME = /home/paulo
# makefile (from '.env', line 12)
MONGO_HOST = mongodb
# environment
VSCODE_CODE_CACHE_PATH = /home/paulo/.config/Code/CachedData/da15b6fd3ef856477bf6f4fb29ba1b7af717770d
# environment
LOGNAME = paulo
# environment
APPLICATION_INSIGHTS_NO_DIAGNOSTIC_CHANNEL = 1
# environment
NVM_CD_FLAGS = -q
# makefile (from '.env', line 11)
MONGO_PORT = 27017
# environment
ZSH = /home/paulo/.oh-my-zsh
# environment
VSCODE_HANDLES_UNCAUGHT_ERRORS = true
# environment
GNOME_DESKTOP_SESSION_ID = this-is-deprecated
# automatic
^D = $(patsubst %/,%,$(dir $^))
# environment
MAKELEVEL := 0
# default
MAKE = $(MAKE_COMMAND)
# default
MAKECMDGOALS := all
# environment
QT_IM_MODULE = ibus
# environment
SHLVL = 0
# makefile (from '.env', line 2)
API_TECH_USERNAME = 17b271f2-2c76-4240-a0d7-46f57e919ca3
# environment
GNOME_SHELL_SESSION_MODE = pop
# default
MAKE_VERSION := 4.2.1
# environment
USER = paulo
# makefile
.DEFAULT_GOAL := up
# environment
XDG_CURRENT_DESKTOP = Unity
# makefile (from '.env', line 5)
API_GO_FILE_URL = https://gofile.io
# environment
LESS = -R
# automatic
%D = $(patsubst %/,%,$(dir $%))
# default
MAKE_COMMAND := make
# environment
ZPFX = /home/paulo/.zinit/polaris
# environment
OLDPWD = /home/paulo
# environment
ZSH_CACHE_DIR = /home/paulo/.oh-my-zsh/cache
# default
.VARIABLES := 
# automatic
*F = $(notdir $*)
# environment
VSCODE_IPC_HOOK = /run/user/1000/vscode-132e047d-1.67.1-main.sock
# makefile
MAKEFLAGS = pqrR
# environment
MFLAGS = -pqrR
# automatic
*D = $(patsubst %/,%,$(dir $*))
# environment
NVM_DIR = /home/paulo/.nvm
# automatic
+D = $(patsubst %/,%,$(dir $+))
# environment
GDK_BACKEND = x11
# automatic
+F = $(notdir $+)
# environment
QT_ACCESSIBILITY = 1
# environment
DEFAULTS_PATH = /usr/share/gconf/pop.default.path
# environment
PMSPEC = 0uUpiPsf
# default
MAKEFILES := 
# automatic
<F = $(notdir $<)
# makefile (from '.env', line 14)
API_PORT = 3333
# makefile (from '.env', line 1)
API_TECH_URL = https://linkapi-desafio-tech.gateway.linkapi.solutions/v1
# environment
PAGER = less
# environment
LC_ALL = C
# makefile (from '.env', line 9)
MONGO_USERNAME = admin
# environment
SPACESHIP_ROOT = /home/paulo/.oh-my-zsh/custom/themes/spaceship-prompt
# automatic
^F = $(notdir $^)
# makefile (from '.env', line 3)
API_TECH_PASSWORD = 741d5db9-c596-41b4-8785-1d50367224c8
# default
SUFFIXES := 
# environment
CHROME_DESKTOP = code-url-handler.desktop
# environment
WINDOWPATH = 2
# default
.INCLUDE_DIRS = /usr/include /usr/local/include /usr/include
# default
.RECIPEPREFIX := 
# environment
LANG = C
# environment
VSCODE_PID = 5311
# variable set hash-table stats:
# Load=121/1024=12%, Rehash=0, Collisions=13/148=9%

# Pattern-specific Variable Values

# No pattern-specific variable values.

# Directories

# . (device 66310, inode 12204029): 20 files, no impossibilities.

# 20 files, no impossibilities in 1 directories.

# Implicit Rules

# No implicit rules.

# Files

# Not a target:
all:
#  Command line target.
#  Implicit rule search has been done.
#  File does not exist.
#  File has not been updated.

.PHONY: up down logs
#  Implicit rule search has not been done.
#  Modification time never checked.
#  File has not been updated.

up:
#  Phony target (prerequisite of .PHONY).
#  Implicit rule search has not been done.
#  File does not exist.
#  File has not been updated.
#  recipe to execute (from 'Makefile', line 6):
	 docker-compose up -d

# Not a target:
Makefile:
#  Implicit rule search has been done.
 
make: *** No rule to make target 'all'.  Stop.

#  Last modified 2022-05-15 16:10:09.982336578
#  File has been updated.
#  Successfully updated.

# Not a target:
.env:
#  Implicit rule search has been done.
#  Last modified 2022-05-15 15:51:53.15896781
#  File has been updated.
#  Successfully updated.

# Not a target:
.DEFAULT:
#  Implicit rule search has not been done.
#  Modification time never checked.
#  File has not been updated.

logs:
#  Phony target (prerequisite of .PHONY).
#  Implicit rule search has not been done.
#  File does not exist.
#  File has not been updated.
#  recipe to execute (from 'Makefile', line 16):
	 docker-compose logs -f

down:
#  Phony target (prerequisite of .PHONY).
#  Implicit rule search has not been done.
#  File does not exist.
#  File has not been updated.
#  recipe to execute (from 'Makefile', line 11):
	docker-compose down

# files hash-table stats:
# Load=9/1024=1%, Rehash=0, Collisions=0/28=0%
# VPATH Search Paths

# No 'vpath' search paths.

# No general ('VPATH' variable) search path.

# strcache buffers: 1 (0) / strings = 29 / storage = 290 B / avg = 10 B
# current buf: size = 8162 B / used = 290 B / count = 29 / avg = 10 B

# strcache performance: lookups = 46 / hit rate = 36%
# hash-table stats:
# Load=29/8192=0%, Rehash=0, Collisions=1/46=2%
# Finished Make data base on Mon May 16 06:33:51 2022

 
